<?xml version="1.0" encoding="UTF-8"?>
<testsuite xmlns:xsi="http://www.w3.org/2001/XMLSchema-instance" xsi:noNamespaceSchemaLocation="https://maven.apache.org/surefire/maven-surefire-plugin/xsd/surefire-test-report.xsd" name="TestSuite" time="98.813" tests="13" errors="0" skipped="0" failures="1">
  <properties>
[...]
</properties>
  <testcase name="Test_Add_1 on Test_Add_1(Selleniun_start_projects.Selleniun_start_projects.CalculatorTests)" classname="Selleniun_start_projects.Selleniun_start_projects.CalculatorTests" time="10.643"/>
  <testcase name="Test_Add_2 on Test_Add_2(Selleniun_start_projects.Selleniun_start_projects.CalculatorTests)" classname="Selleniun_start_projects.Selleniun_start_projects.CalculatorTests" time="9.514"/>
  <testcase name="Test_Mul_1 on Test_Mul_1(Selleniun_start_projects.Selleniun_start_projects.CalculatorTests)" classname="Selleniun_start_projects.Selleniun_start_projects.CalculatorTests" time="9.381"/>
  <testcase name="Test_Mul_2 on Test_Mul_2(Selleniun_start_projects.Selleniun_start_projects.CalculatorTests)" classname="Selleniun_start_projects.Selleniun_start_projects.CalculatorTests" time="9.306"/>
  <testcase name="Test_Sub_1 on Test_Sub_1(Selleniun_start_projects.Selleniun_start_projects.CalculatorTests)" classname="Selleniun_start_projects.Selleniun_start_projects.CalculatorTests" time="9.256"/>
  <testcase name="Test_Sub_2 on Test_Sub_2(Selleniun_start_projects.Selleniun_start_projects.CalculatorTests)" classname="Selleniun_start_projects.Selleniun_start_projects.CalculatorTests" time="10.002"/>
  <testcase name="invalid_empty on invalid_empty(Selleniun_start_projects.Selleniun_start_projects.PasswordFieldTests)" classname="Selleniun_start_projects.Selleniun_start_projects.PasswordFieldTests" time="6.481"/>
  <testcase name="valid_exactly7_mixedAllowed on valid_exactly7_mixedAllowed(Selleniun_start_projects.Selleniun_start_projects.PasswordFieldTests)" classname="Selleniun_start_projects.Selleniun_start_projects.PasswordFieldTests" time="6.98"/>
  <testcase name="invalid_tooLong on invalid_tooLong(Selleniun_start_projects.Selleniun_start_projects.PasswordFieldTests)" classname="Selleniun_start_projects.Selleniun_start_projects.PasswordFieldTests" time="6.755"/>
  <testcase name="invalid_illegalCharacter on invalid_illegalCharacter(Selleniun_start_projects.Selleniun_start_projects.PasswordFieldTests)" classname="Selleniun_start_projects.Selleniun_start_projects.PasswordFieldTests" time="6.652"/>
  <testcase name="invalid_tooShort on invalid_tooShort(Selleniun_start_projects.Selleniun_start_projects.PasswordFieldTests)" classname="Selleniun_start_projects.Selleniun_start_projects.PasswordFieldTests" time="6.745"/>
  <testcase name="valid_exactly7_allStars on valid_exactly7_allStars(Selleniun_start_projects.Selleniun_start_projects.PasswordFieldTests)" classname="Selleniun_start_projects.Selleniun_start_projects.PasswordFieldTests" time="6.596"/>
  <testcase name="Tests1 on Tests1(Selleniun_start_projects.Selleniun_start_projects.AppTest)" classname="Selleniun_start_projects.Selleniun_start_projects.AppTest" time="0.045">
    <failure message="The driver executable does not exist: C:\geckodriver-v0.34.0-win32\geckodriver.exe" type="java.lang.IllegalStateException">java.lang.IllegalStateException: The driver executable does not exist: C:\geckodriver-v0.34.0-win32\geckodriver.exe
	at Selleniun_start_projects.Selleniun_start_projects.AppTest.setup(AppTest.java:28)
</failure>
  </testcase>
</testsuite>