<?xml version="1.0" encoding="UTF-8"?>
<!-- Generated by org.testng.reporters.JUnitReportReporter -->
<testsuite hostname="DESKTOP-2US7T57" failures="0" tests="6" name="Selleniun_start_projects.Selleniun_start_projects.PasswordFieldTests" time="40.209" errors="0" timestamp="15 Feb 2026 19:38:14 GMT">
  <testcase classname="Selleniun_start_projects.Selleniun_start_projects.PasswordFieldTests" name="valid_exactly7_allStars" time="6.596"/>
  <testcase classname="Selleniun_start_projects.Selleniun_start_projects.PasswordFieldTests" name="invalid_tooLong" time="6.754"/>
  <testcase classname="Selleniun_start_projects.Selleniun_start_projects.PasswordFieldTests" name="invalid_tooShort" time="6.745"/>
  <testcase classname="Selleniun_start_projects.Selleniun_start_projects.PasswordFieldTests" name="invalid_illegalCharacter" time="6.653"/>
  <testcase classname="Selleniun_start_projects.Selleniun_start_projects.PasswordFieldTests" name="invalid_empty" time="6.481"/>
  <testcase classname="Selleniun_start_projects.Selleniun_start_projects.PasswordFieldTests" name="valid_exactly7_mixedAllowed" time="6.980"/>
</testsuite> <!-- Selleniun_start_projects.Selleniun_start_projects.PasswordFieldTests -->
