<?xml version="1.0" encoding="UTF-8"?>
<!-- Generated by org.testng.reporters.JUnitReportReporter -->
<testsuite hostname="DESKTOP-2US7T57" failures="0" tests="6" name="Selleniun_start_projects.Selleniun_start_projects.CalculatorTests" time="58.106" errors="0" timestamp="15 Feb 2026 19:38:14 GMT">
  <testcase classname="Selleniun_start_projects.Selleniun_start_projects.CalculatorTests" name="Test_Add_1" time="10.641"/>
  <testcase classname="Selleniun_start_projects.Selleniun_start_projects.CalculatorTests" name="Test_Sub_2" time="10.001"/>
  <testcase classname="Selleniun_start_projects.Selleniun_start_projects.CalculatorTests" name="Test_Add_2" time="9.521"/>
  <testcase classname="Selleniun_start_projects.Selleniun_start_projects.CalculatorTests" name="Test_Sub_1" time="9.256"/>
  <testcase classname="Selleniun_start_projects.Selleniun_start_projects.CalculatorTests" name="Test_Mul_2" time="9.306"/>
  <testcase classname="Selleniun_start_projects.Selleniun_start_projects.CalculatorTests" name="Test_Mul_1" time="9.381"/>
</testsuite> <!-- Selleniun_start_projects.Selleniun_start_projects.CalculatorTests -->
